Arguments: 
  C:\Program Files\nodejs\node.exe C:\Users\na7oul\AppData\Roaming\npm\node_modules\yarn\bin\yarn.js init

PATH: 
  C:\Users\na7oul\bin;C:\Program Files\Git\mingw64\bin;C:\Program Files\Git\usr\local\bin;C:\Program Files\Git\usr\bin;C:\Program Files\Git\usr\bin;C:\Program Files\Git\mingw64\bin;C:\Program Files\Git\usr\bin;C:\Users\na7oul\bin;C:\WINDOWS\system32;C:\WINDOWS;C:\WINDOWS\System32\Wbem;C:\WINDOWS\System32\WindowsPowerShell\v1.0;C:\WINDOWS\System32\OpenSSH;C:\Program Files\nodejs;C:\Program Files\Git\cmd;C:\Users\na7oul\AppData\Local\Microsoft\WindowsApps;C:\Users\na7oul\AppData\Local\Programs\Microsoft VS Code\bin;C:\Users\na7oul\AppData\Roaming\npm;C:\Program Files\MongoDB\Server\5.0\bin;C:\Users\na7oul\AppData\Local\GitHubDesktop\bin;C:\Program Files\Git\usr\bin\vendor_perl;C:\Program Files\Git\usr\bin\core_perl

Yarn version: 
  1.22.11

Node version: 
  14.17.3

Platform: 
  win32 x64

Trace: 
  Error: canceled
      at Interface.<anonymous> (C:\Users\na7oul\AppData\Roaming\npm\node_modules\yarn\lib\cli.js:137023:13)
      at Interface.emit (events.js:375:28)
      at Interface._ttyWrite (readline.js:910:16)
      at ReadStream.onkeypress (readline.js:235:10)
      at ReadStream.emit (events.js:375:28)
      at emitKeys (internal/readline/utils.js:358:14)
      at emitKeys.next (<anonymous>)
      at ReadStream.onData (readline.js:1179:36)
      at ReadStream.emit (events.js:375:28)
      at addChunk (internal/streams/readable.js:290:12)

npm manifest: 
  {
    "name": "gmc-project",
    "version": "1.0.0",
    "description": "final-project-MERN",
    "scripts": {
      "back": "cd back && npm start",
      "front": "cd client && npm start",
      "dev": "concurrently \"npm run front\" \"npm run back\""
    },
    "author": "Assil Elabed",
    "license": "ISC",
    "dependencies": {},
    "devDependencies": {
      "concurrently": "^6.3.0"
    }
  }

yarn manifest: 
  No manifest

Lockfile: 
  No lockfile
